This is pdfTeX, Version 3.1415926-2.4-1.40.13 (TeX Live 2012) (format=pdflatex 2012.6.30)  28 SEP 2015 13:33
entering extended mode
 restricted \write18 enabled.
 %&-line parsing enabled.
**draft.tex
(./draft.tex
LaTeX2e <2011/06/27>
Babel <v3.8m> and hyphenation patterns for english, dumylang, nohyphenation, ge
rman-x-2012-05-30, ngerman-x-2012-05-30, afrikaans, ancientgreek, ibycus, arabi
c, armenian, basque, bulgarian, catalan, pinyin, coptic, croatian, czech, danis
h, dutch, ukenglish, usenglishmax, esperanto, estonian, ethiopic, farsi, finnis
h, french, friulan, galician, german, ngerman, swissgerman, monogreek, greek, h
ungarian, icelandic, assamese, bengali, gujarati, hindi, kannada, malayalam, ma
rathi, oriya, panjabi, tamil, telugu, indonesian, interlingua, irish, italian, 
kurmanji, latin, latvian, lithuanian, mongolian, mongolianlmc, bokmal, nynorsk,
 polish, portuguese, romanian, romansh, russian, sanskrit, serbian, serbianc, s
lovak, slovenian, spanish, swedish, turkish, turkmen, ukrainian, uppersorbian, 
welsh, loaded.
(/usr/local/texlive/2012/texmf-dist/tex/latex/base/article.cls
Document Class: article 2007/10/19 v1.4h Standard LaTeX document class
(/usr/local/texlive/2012/texmf-dist/tex/latex/base/size10.clo
File: size10.clo 2007/10/19 v1.4h Standard LaTeX file (size option)
)
\c@part=\count79
\c@section=\count80
\c@subsection=\count81
\c@subsubsection=\count82
\c@paragraph=\count83
\c@subparagraph=\count84
\c@figure=\count85
\c@table=\count86
\abovecaptionskip=\skip41
\belowcaptionskip=\skip42
\bibindent=\dimen102
)
(/usr/local/texlive/2012/texmf-dist/tex/latex/graphics/graphicx.sty
Package: graphicx 1999/02/16 v1.0f Enhanced LaTeX Graphics (DPC,SPQR)

(/usr/local/texlive/2012/texmf-dist/tex/latex/graphics/keyval.sty
Package: keyval 1999/03/16 v1.13 key=value parser (DPC)
\KV@toks@=\toks14
)
(/usr/local/texlive/2012/texmf-dist/tex/latex/graphics/graphics.sty
Package: graphics 2009/02/05 v1.0o Standard LaTeX Graphics (DPC,SPQR)

(/usr/local/texlive/2012/texmf-dist/tex/latex/graphics/trig.sty
Package: trig 1999/03/16 v1.09 sin cos tan (DPC)
)
(/usr/local/texlive/2012/texmf-dist/tex/latex/latexconfig/graphics.cfg
File: graphics.cfg 2010/04/23 v1.9 graphics configuration of TeX Live
)
Package graphics Info: Driver file: pdftex.def on input line 91.

(/usr/local/texlive/2012/texmf-dist/tex/latex/pdftex-def/pdftex.def
File: pdftex.def 2011/05/27 v0.06d Graphics/color for pdfTeX

(/usr/local/texlive/2012/texmf-dist/tex/generic/oberdiek/infwarerr.sty
Package: infwarerr 2010/04/08 v1.3 Providing info/warning/error messages (HO)
)
(/usr/local/texlive/2012/texmf-dist/tex/generic/oberdiek/ltxcmds.sty
Package: ltxcmds 2011/11/09 v1.22 LaTeX kernel commands for general use (HO)
)
\Gread@gobject=\count87
))
\Gin@req@height=\dimen103
\Gin@req@width=\dimen104
)
(/usr/local/texlive/2012/texmf-dist/tex/latex/subfigure/subfigure.sty
Package: subfigure 2002/03/15 v2.1.5 subfigure package
\subfigtopskip=\skip43
\subfigcapskip=\skip44
\subfigcaptopadj=\dimen105
\subfigbottomskip=\skip45
\subfigcapmargin=\dimen106
\subfiglabelskip=\skip46
\c@subfigure=\count88
\c@lofdepth=\count89
\c@subtable=\count90
\c@lotdepth=\count91

****************************************
* Local config file subfigure.cfg used *
****************************************
(/usr/local/texlive/2012/texmf-dist/tex/latex/subfigure/subfigure.cfg)
\subfig@top=\skip47
\subfig@bottom=\skip48
)
(./natbib.sty
Package: natbib 2009/07/16 8.31 (PWD, AO)
\bibhang=\skip49
\bibsep=\skip50
LaTeX Info: Redefining \cite on input line 694.
\c@NAT@ctr=\count92
) (./algorithm.sty
Package: algorithm 

Document Style `algorithm' - floating environment
(/usr/local/texlive/2012/texmf-dist/tex/latex/float/float.sty
Package: float 2001/11/08 v1.3d Float enhancements (AL)
\c@float@type=\count93
\float@exts=\toks15
\float@box=\box26
\@float@everytoks=\toks16
\@floatcapt=\box27
)
(/usr/local/texlive/2012/texmf-dist/tex/latex/base/ifthen.sty
Package: ifthen 2001/05/26 v1.1c Standard LaTeX ifthen package (DPC)
)
\@float@every@algorithm=\toks17
\c@algorithm=\count94
)
(./algorithmic.sty
Package: algorithmic 

Document Style `algorithmic' - environment
(/usr/local/texlive/2012/texmf-dist/tex/latex/tools/calc.sty
Package: calc 2007/08/22 v4.3 Infix arithmetic (KKT,FJ)
\calc@Acount=\count95
\calc@Bcount=\count96
\calc@Adimen=\dimen107
\calc@Bdimen=\dimen108
\calc@Askip=\skip51
\calc@Bskip=\skip52
LaTeX Info: Redefining \setlength on input line 76.
LaTeX Info: Redefining \addtolength on input line 77.
\calc@Ccount=\count97
\calc@Cskip=\skip53
)
\c@ALC@line=\count98
\c@ALC@rem=\count99
\ALC@tlm=\skip54
)
(/usr/local/texlive/2012/texmf-dist/tex/latex/hyperref/hyperref.sty
Package: hyperref 2012/05/13 v6.82q Hypertext links for LaTeX

(/usr/local/texlive/2012/texmf-dist/tex/generic/oberdiek/hobsub-hyperref.sty
Package: hobsub-hyperref 2012/05/28 v1.13 Bundle oberdiek, subset hyperref (HO)


(/usr/local/texlive/2012/texmf-dist/tex/generic/oberdiek/hobsub-generic.sty
Package: hobsub-generic 2012/05/28 v1.13 Bundle oberdiek, subset generic (HO)
Package: hobsub 2012/05/28 v1.13 Construct package bundles (HO)
Package hobsub Info: Skipping package `infwarerr' (already loaded).
Package hobsub Info: Skipping package `ltxcmds' (already loaded).
Package: ifluatex 2010/03/01 v1.3 Provides the ifluatex switch (HO)
Package ifluatex Info: LuaTeX not detected.
Package: ifvtex 2010/03/01 v1.5 Detect VTeX and its facilities (HO)
Package ifvtex Info: VTeX not detected.
Package: intcalc 2007/09/27 v1.1 Expandable calculations with integers (HO)
Package: ifpdf 2011/01/30 v2.3 Provides the ifpdf switch (HO)
Package ifpdf Info: pdfTeX in PDF mode is detected.
Package: etexcmds 2011/02/16 v1.5 Avoid name clashes with e-TeX commands (HO)
Package etexcmds Info: Could not find \expanded.
(etexcmds)             That can mean that you are not using pdfTeX 1.50 or
(etexcmds)             that some package has redefined \expanded.
(etexcmds)             In the latter case, load this package earlier.
Package: kvsetkeys 2012/04/25 v1.16 Key value parser (HO)
Package: kvdefinekeys 2011/04/07 v1.3 Define keys (HO)
Package: pdftexcmds 2011/11/29 v0.20 Utility functions of pdfTeX for LuaTeX (HO
)
Package pdftexcmds Info: LuaTeX not detected.
Package pdftexcmds Info: \pdf@primitive is available.
Package pdftexcmds Info: \pdf@ifprimitive is available.
Package pdftexcmds Info: \pdfdraftmode found.
Package: pdfescape 2011/11/25 v1.13 Implements pdfTeX's escape features (HO)
Package: bigintcalc 2012/04/08 v1.3 Expandable calculations on big integers (HO
)
Package: bitset 2011/01/30 v1.1 Handle bit-vector datatype (HO)
Package: uniquecounter 2011/01/30 v1.2 Provide unlimited unique counter (HO)
)
Package hobsub Info: Skipping package `hobsub' (already loaded).
Package: letltxmacro 2010/09/02 v1.4 Let assignment for LaTeX macros (HO)
Package: hopatch 2012/05/28 v1.2 Wrapper for package hooks (HO)
Package: xcolor-patch 2011/01/30 xcolor patch
Package: atveryend 2011/06/30 v1.8 Hooks at the very end of document (HO)
Package atveryend Info: \enddocument detected (standard20110627).
Package: atbegshi 2011/10/05 v1.16 At begin shipout hook (HO)
Package: refcount 2011/10/16 v3.4 Data extraction from label references (HO)
Package: hycolor 2011/01/30 v1.7 Color options for hyperref/bookmark (HO)
)
(/usr/local/texlive/2012/texmf-dist/tex/generic/ifxetex/ifxetex.sty
Package: ifxetex 2010/09/12 v0.6 Provides ifxetex conditional
)
(/usr/local/texlive/2012/texmf-dist/tex/latex/oberdiek/kvoptions.sty
Package: kvoptions 2011/06/30 v3.11 Key value format for package options (HO)
)
\@linkdim=\dimen109
\Hy@linkcounter=\count100
\Hy@pagecounter=\count101

(/usr/local/texlive/2012/texmf-dist/tex/latex/hyperref/pd1enc.def
File: pd1enc.def 2012/05/13 v6.82q Hyperref: PDFDocEncoding definition (HO)
)
\Hy@SavedSpaceFactor=\count102

(/usr/local/texlive/2012/texmf-dist/tex/latex/latexconfig/hyperref.cfg
File: hyperref.cfg 2002/06/06 v1.2 hyperref configuration of TeXLive
)
Package hyperref Info: Hyper figures OFF on input line 4062.
Package hyperref Info: Link nesting OFF on input line 4067.
Package hyperref Info: Hyper index ON on input line 4070.
Package hyperref Info: Plain pages OFF on input line 4077.
Package hyperref Info: Backreferencing OFF on input line 4082.
Package hyperref Info: Implicit mode ON; LaTeX internals redefined.
Package hyperref Info: Bookmarks ON on input line 4300.
\c@Hy@tempcnt=\count103

(/usr/local/texlive/2012/texmf-dist/tex/latex/url/url.sty
\Urlmuskip=\muskip10
Package: url 2006/04/12  ver 3.3  Verb mode for urls, etc.
)
LaTeX Info: Redefining \url on input line 4653.
\Fld@menulength=\count104
\Field@Width=\dimen110
\Fld@charsize=\dimen111
Package hyperref Info: Hyper figures OFF on input line 5773.
Package hyperref Info: Link nesting OFF on input line 5778.
Package hyperref Info: Hyper index ON on input line 5781.
Package hyperref Info: backreferencing OFF on input line 5788.
Package hyperref Info: Link coloring OFF on input line 5793.
Package hyperref Info: Link coloring with OCG OFF on input line 5798.
Package hyperref Info: PDF/A mode OFF on input line 5803.
LaTeX Info: Redefining \ref on input line 5843.
LaTeX Info: Redefining \pageref on input line 5847.
\Hy@abspage=\count105
\c@Item=\count106
\c@Hfootnote=\count107
)

Package hyperref Message: Driver (autodetected): hpdftex.

(/usr/local/texlive/2012/texmf-dist/tex/latex/hyperref/hpdftex.def
File: hpdftex.def 2012/05/13 v6.82q Hyperref driver for pdfTeX
\Fld@listcount=\count108
\c@bookmark@seq@number=\count109

(/usr/local/texlive/2012/texmf-dist/tex/latex/oberdiek/rerunfilecheck.sty
Package: rerunfilecheck 2011/04/15 v1.7 Rerun checks for auxiliary files (HO)
Package uniquecounter Info: New unique counter `rerunfilecheck' on input line 2
82.
)
\Hy@SectionHShift=\skip55
)
(./icml2012.sty
Package: icml2012 2012/01/01 v2.0 ICML Conference Style File

(/usr/local/texlive/2012/texmf-dist/tex/latex/fancyhdr/fancyhdr.sty
\fancy@headwidth=\skip56
\f@ncyO@elh=\skip57
\f@ncyO@erh=\skip58
\f@ncyO@olh=\skip59
\f@ncyO@orh=\skip60
\f@ncyO@elf=\skip61
\f@ncyO@erf=\skip62
\f@ncyO@olf=\skip63
\f@ncyO@orf=\skip64
)
(/usr/local/texlive/2012/texmf-dist/tex/latex/graphics/color.sty
Package: color 2005/11/14 v1.0j Standard LaTeX Color (DPC)

(/usr/local/texlive/2012/texmf-dist/tex/latex/latexconfig/color.cfg
File: color.cfg 2007/01/18 v1.5 color configuration of teTeX/TeXLive
)
Package color Info: Driver file: pdftex.def on input line 130.
)
(/usr/local/texlive/2012/texmf-dist/tex/latex/eso-pic/eso-pic.sty
Package: eso-pic 2010/10/06 v2.0c eso-pic (RN)
)
Package hyperref Info: Option `colorlinks' set `true' on input line 90.
\titrun=\box28
\captionbox=\box29
\captionboxwid=\dimen112
\icmlrulerbox=\box30
\icmlrulercount=\count110
\icmlruleroffset=\dimen113
\cv@lineheight=\dimen114
\cv@boxheight=\dimen115
\cv@tmpbox=\box31
\cv@refno=\count111
\cv@tot=\count112
\cv@tmpc@=\count113
\cv@tmpc=\count114
)
(/usr/local/texlive/2012/texmf-dist/tex/latex/amsmath/amsmath.sty
Package: amsmath 2000/07/18 v2.13 AMS math features
\@mathmargin=\skip65

For additional information on amsmath, use the `?' option.
(/usr/local/texlive/2012/texmf-dist/tex/latex/amsmath/amstext.sty
Package: amstext 2000/06/29 v2.01

(/usr/local/texlive/2012/texmf-dist/tex/latex/amsmath/amsgen.sty
File: amsgen.sty 1999/11/30 v2.0
\@emptytoks=\toks18
\ex@=\dimen116
))
(/usr/local/texlive/2012/texmf-dist/tex/latex/amsmath/amsbsy.sty
Package: amsbsy 1999/11/29 v1.2d
\pmbraise@=\dimen117
)
(/usr/local/texlive/2012/texmf-dist/tex/latex/amsmath/amsopn.sty
Package: amsopn 1999/12/14 v2.01 operator names
)
\inf@bad=\count115
LaTeX Info: Redefining \frac on input line 211.
\uproot@=\count116
\leftroot@=\count117
LaTeX Info: Redefining \overline on input line 307.
\classnum@=\count118
\DOTSCASE@=\count119
LaTeX Info: Redefining \ldots on input line 379.
LaTeX Info: Redefining \dots on input line 382.
LaTeX Info: Redefining \cdots on input line 467.
\Mathstrutbox@=\box32
\strutbox@=\box33
\big@size=\dimen118
LaTeX Font Info:    Redeclaring font encoding OML on input line 567.
LaTeX Font Info:    Redeclaring font encoding OMS on input line 568.
\macc@depth=\count120
\c@MaxMatrixCols=\count121
\dotsspace@=\muskip11
\c@parentequation=\count122
\dspbrk@lvl=\count123
\tag@help=\toks19
\row@=\count124
\column@=\count125
\maxfields@=\count126
\andhelp@=\toks20
\eqnshift@=\dimen119
\alignsep@=\dimen120
\tagshift@=\dimen121
\tagwidth@=\dimen122
\totwidth@=\dimen123
\lineht@=\dimen124
\@envbody=\toks21
\multlinegap=\skip66
\multlinetaggap=\skip67
\mathdisplay@stack=\toks22
LaTeX Info: Redefining \[ on input line 2666.
LaTeX Info: Redefining \] on input line 2667.
)
\c@theorem=\count127
 (./draft.aux)
\openout1 = `draft.aux'.

LaTeX Font Info:    Checking defaults for OML/cmm/m/it on input line 67.
LaTeX Font Info:    ... okay on input line 67.
LaTeX Font Info:    Checking defaults for T1/cmr/m/n on input line 67.
LaTeX Font Info:    ... okay on input line 67.
LaTeX Font Info:    Checking defaults for OT1/cmr/m/n on input line 67.
LaTeX Font Info:    ... okay on input line 67.
LaTeX Font Info:    Checking defaults for OMS/cmsy/m/n on input line 67.
LaTeX Font Info:    ... okay on input line 67.
LaTeX Font Info:    Checking defaults for OMX/cmex/m/n on input line 67.
LaTeX Font Info:    ... okay on input line 67.
LaTeX Font Info:    Checking defaults for U/cmr/m/n on input line 67.
LaTeX Font Info:    ... okay on input line 67.
LaTeX Font Info:    Checking defaults for PD1/pdf/m/n on input line 67.
LaTeX Font Info:    ... okay on input line 67.
 (/usr/local/texlive/2012/texmf-dist/tex/context/base/supp-pdf.mkii
[Loading MPS to PDF converter (version 2006.09.02).]
\scratchcounter=\count128
\scratchdimen=\dimen125
\scratchbox=\box34
\nofMPsegments=\count129
\nofMParguments=\count130
\everyMPshowfont=\toks23
\MPscratchCnt=\count131
\MPscratchDim=\dimen126
\MPnumerator=\count132
\makeMPintoPDFobject=\count133
\everyMPtoPDFconversion=\toks24
) (/usr/local/texlive/2012/texmf-dist/tex/latex/oberdiek/epstopdf-base.sty
Package: epstopdf-base 2010/02/09 v2.5 Base part for package epstopdf

(/usr/local/texlive/2012/texmf-dist/tex/latex/oberdiek/grfext.sty
Package: grfext 2010/08/19 v1.1 Manage graphics extensions (HO)
)
Package grfext Info: Graphics extension search list:
(grfext)             [.png,.pdf,.jpg,.mps,.jpeg,.jbig2,.jb2,.PNG,.PDF,.JPG,.JPE
G,.JBIG2,.JB2,.eps]
(grfext)             \AppendGraphicsExtensions on input line 452.

(/usr/local/texlive/2012/texmf-dist/tex/latex/latexconfig/epstopdf-sys.cfg
File: epstopdf-sys.cfg 2010/07/13 v1.3 Configuration of (r)epstopdf for TeX Liv
e
))
\AtBeginShipoutBox=\box35
Package hyperref Info: Link coloring ON on input line 67.

(/usr/local/texlive/2012/texmf-dist/tex/latex/hyperref/nameref.sty
Package: nameref 2010/04/30 v2.40 Cross-referencing by name of section

(/usr/local/texlive/2012/texmf-dist/tex/generic/oberdiek/gettitlestring.sty
Package: gettitlestring 2010/12/03 v1.4 Cleanup title references (HO)
)
\c@section@level=\count134
)
LaTeX Info: Redefining \ref on input line 67.
LaTeX Info: Redefining \pageref on input line 67.
LaTeX Info: Redefining \nameref on input line 67.

(./draft.out) (./draft.out)
\@outlinefile=\write3
\openout3 = `draft.out'.


Overfull \hbox (5.1225pt too wide) in paragraph at lines 89--89
 [] 
 []

(./related_work.tex)
Underfull \vbox (badness 10000) has occurred while \output is active []


Underfull \vbox (badness 10000) has occurred while \output is active []

 [1{/usr/local/texlive/2012/texmf-var/fonts/map/pdftex/updmap/pdftex.map}



]
Underfull \hbox (badness 1789) in paragraph at lines 182--183
[]\OT1/cmr/m/it/10 Let $\OML/cmm/m/it/10 U[]; [] ; U[]$ \OT1/cmr/m/it/10 be rea
l
 []


Underfull \hbox (badness 1946) in paragraph at lines 182--183
\OT1/cmr/m/it/10 ran-dom vari-ables marginally uni-formly dis-tributed
 []


Underfull \hbox (badness 1939) in paragraph at lines 190--191
[]\OT1/cmr/m/it/10 Let $\OML/cmm/m/it/10 F []$ \OT1/cmr/m/it/10 be
 []


Underfull \hbox (badness 1616) in paragraph at lines 197--198
\OT1/cmr/m/n/10 Moreover, if $\OML/cmm/m/it/10 F []$ \OT1/cmr/m/n/10 has $\OML/
cmm/m/it/10 N$\OT1/cmr/m/n/10 -order par-tial
 []


Underfull \vbox (badness 1199) has occurred while \output is active []


Underfull \vbox (badness 10000) has occurred while \output is active []

 [2]
Underfull \hbox (badness 10000) in paragraph at lines 229--230
[]
 []


Underfull \hbox (badness 10000) in paragraph at lines 229--230
\OT1/cmr/m/it/10 Given a di-rected acyclic graph $\OMS/cmsy/m/n/10 G$ \OT1/cmr/
m/it/10 en-cod-ing
 []


Underfull \hbox (badness 10000) in paragraph at lines 229--230
\OT1/cmr/m/it/10 con-di-tional in-de-pen-den-cies over $\OMS/cmsy/m/n/10 X$\OT1
/cmr/m/it/10 , and let
 []


Underfull \hbox (badness 7851) in paragraph at lines 229--230
\OML/cmm/m/it/10 f\OT1/cmr/m/n/10 (\OML/cmm/m/it/10 x\OT1/cmr/m/n/10 ) = \OML/c
mm/m/it/10 c [] [][] f []$ \OT1/cmr/m/it/10 be the
 []


Underfull \hbox (badness 10000) in paragraph at lines 236--237
[]\OT1/cmr/m/it/10 A
 []

<Figures/nonequivalentClass.pdf, id=85, 150.5625pt x 125.46875pt>
File: Figures/nonequivalentClass.pdf Graphic file (type pdf)

<use Figures/nonequivalentClass.pdf>
Package pdftex.def Info: Figures/nonequivalentClass.pdf used on input line 283.

(pdftex.def)             Requested size: 73.1704pt x 60.9767pt.
 [3] (./Algorithms/DetriangulateMoral.tex)
LaTeX Font Info:    Try loading font information for OMS+cmr on input line 298.


(/usr/local/texlive/2012/texmf-dist/tex/latex/base/omscmr.fd
File: omscmr.fd 1999/05/25 v2.5h Standard LaTeX font definitions
)
LaTeX Font Info:    Font shape `OMS/cmr/m/n' in size <10> not available
(Font)              Font shape `OMS/cmsy/m/n' tried instead on input line 298.

(./Algorithms/ConstraintPropagation.tex) (./Algorithms/CopulaBNLearning.tex

LaTeX Font Warning: Font shape `OT1/cmr/bx/sc' undefined
(Font)              using `OT1/cmr/bx/n' instead on input line 5.


Underfull \vbox (badness 10000) has occurred while \output is active []

 [4 <./Figures/nonequivalentClass.pdf>])
<Figures/plotsall/shd-alpha-errb.pdf, id=133, 1047.915pt x 758.835pt>
File: Figures/plotsall/shd-alpha-errb.pdf Graphic file (type pdf)

<use Figures/plotsall/shd-alpha-errb.pdf>
Package pdftex.def Info: Figures/plotsall/shd-alpha-errb.pdf used on input line
 348.
(pdftex.def)             Requested size: 195.126pt x 141.29701pt.

<Figures/plotsall/shd-samplesize-errb.pdf, id=138, 1047.915pt x 758.835pt>
File: Figures/plotsall/shd-samplesize-errb.pdf Graphic file (type pdf)

<use Figures/plotsall/shd-samplesize-errb.pdf>
Package pdftex.def Info: Figures/plotsall/shd-samplesize-errb.pdf used on input
 line 361.
(pdftex.def)             Requested size: 195.126pt x 141.29701pt.
 [5 <./Figures/plotsall/shd-alpha-errb.pdf>] <Figures/plotsall/log-prob2.pdf, i
d=157, 1084.05pt x 722.7pt>
File: Figures/plotsall/log-prob2.pdf Graphic file (type pdf)

<use Figures/plotsall/log-prob2.pdf>
Package pdftex.def Info: Figures/plotsall/log-prob2.pdf used on input line 367.

(pdftex.def)             Requested size: 195.126pt x 130.08038pt.

<Figures/plotsall/precision-copula.pdf, id=161, 1011.78pt x 722.7pt>
File: Figures/plotsall/precision-copula.pdf Graphic file (type pdf)

<use Figures/plotsall/precision-copula.pdf>
Package pdftex.def Info: Figures/plotsall/precision-copula.pdf used on input li
ne 391.
(pdftex.def)             Requested size: 159.03209pt x 113.59427pt.

<Figures/plotsall/recall-copula.pdf, id=162, 1011.78pt x 722.7pt>
File: Figures/plotsall/recall-copula.pdf Graphic file (type pdf)

<use Figures/plotsall/recall-copula.pdf>
Package pdftex.def Info: Figures/plotsall/recall-copula.pdf used on input line 
394.
(pdftex.def)             Requested size: 160.98232pt x 114.98373pt.

<Figures/plotsall/ErrorRate-copula.pdf, id=163, 975.645pt x 686.565pt>
File: Figures/plotsall/ErrorRate-copula.pdf Graphic file (type pdf)

<use Figures/plotsall/ErrorRate-copula.pdf>
Package pdftex.def Info: Figures/plotsall/ErrorRate-copula.pdf used on input li
ne 397.
(pdftex.def)             Requested size: 160.98232pt x 113.27834pt.

<Figures/plotsall/rtime-5err-f100.pdf, id=170, 1011.78pt x 722.7pt>
File: Figures/plotsall/rtime-5err-f100.pdf Graphic file (type pdf)

<use Figures/plotsall/rtime-5err-f100.pdf>
Package pdftex.def Info: Figures/plotsall/rtime-5err-f100.pdf used on input lin
e 432.
(pdftex.def)             Requested size: 117.08008pt x 83.62152pt.

<Figures/plotsall/pc-copula-err5.pdf, id=171, 1011.78pt x 722.7pt>
File: Figures/plotsall/pc-copula-err5.pdf Graphic file (type pdf)

<use Figures/plotsall/pc-copula-err5.pdf>
Package pdftex.def Info: Figures/plotsall/pc-copula-err5.pdf used on input line
 433.
(pdftex.def)             Requested size: 117.08008pt x 83.62152pt.

<Figures/plotsall/rtime-7err-f100.pdf, id=172, 1011.78pt x 722.7pt>
File: Figures/plotsall/rtime-7err-f100.pdf Graphic file (type pdf)

<use Figures/plotsall/rtime-7err-f100.pdf>
Package pdftex.def Info: Figures/plotsall/rtime-7err-f100.pdf used on input lin
e 434.
(pdftex.def)             Requested size: 117.08008pt x 83.62152pt.

<Figures/plotsall/pc-copula-err7.pdf, id=173, 1011.78pt x 722.7pt>
File: Figures/plotsall/pc-copula-err7.pdf Graphic file (type pdf)

<use Figures/plotsall/pc-copula-err7.pdf>
Package pdftex.def Info: Figures/plotsall/pc-copula-err7.pdf used on input line
 435.
(pdftex.def)             Requested size: 117.08008pt x 83.62152pt.

<Figures/plotsall/rtime-10err-f100.pdf, id=174, 975.645pt x 722.7pt>
File: Figures/plotsall/rtime-10err-f100.pdf Graphic file (type pdf)

<use Figures/plotsall/rtime-10err-f100.pdf>
Package pdftex.def Info: Figures/plotsall/rtime-10err-f100.pdf used on input li
ne 436.
(pdftex.def)             Requested size: 117.08008pt x 86.72025pt.

<Figures/plotsall/pc-copula-err10.pdf, id=175, 1011.78pt x 722.7pt>
File: Figures/plotsall/pc-copula-err10.pdf Graphic file (type pdf)

<use Figures/plotsall/pc-copula-err10.pdf>
Package pdftex.def Info: Figures/plotsall/pc-copula-err10.pdf used on input lin
e 437.
(pdftex.def)             Requested size: 117.08008pt x 83.62152pt.

Underfull \vbox (badness 10000) has occurred while \output is active []

 [6 <./Figures/plotsall/shd-samplesize-errb.pdf> <./Figures/plotsall/log-prob2.
pdf>]
<Figures/plotsall/AbaloneSizeTrainTestLogPcCpl2.pdf, id=198, 1084.05pt x 686.56
5pt>
File: Figures/plotsall/AbaloneSizeTrainTestLogPcCpl2.pdf Graphic file (type pdf
)
 <use Figures/plotsall/AbaloneSizeTrainTestLogPcCpl2.pdf>
Package pdftex.def Info: Figures/plotsall/AbaloneSizeTrainTestLogPcCpl2.pdf use
d on input line 447.
(pdftex.def)             Requested size: 195.126pt x 123.57635pt.

<Figures/AbaloneNetwork.pdf, id=200, 381.425pt x 253.94875pt>
File: Figures/AbaloneNetwork.pdf Graphic file (type pdf)

<use Figures/AbaloneNetwork.pdf>
Package pdftex.def Info: Figures/AbaloneNetwork.pdf used on input line 459.
(pdftex.def)             Requested size: 170.74084pt x 113.67526pt.
 [7 <./Figures/plotsall/precision-copula.pdf> <./Figures/plotsall/recall-copula
.pdf> <./Figures/plotsall/ErrorRate-copula.pdf> <./Figures/plotsall/rtime-5err-
f100.pdf> <./Figures/plotsall/pc-copula-err5.pdf> <./Figures/plotsall/rtime-7er
r-f100.pdf> <./Figures/plotsall/pc-copula-err7.pdf> <./Figures/plotsall/rtime-1
0err-f100.pdf> <./Figures/plotsall/pc-copula-err10.pdf> <./Figures/plotsall/Aba
loneSizeTrainTestLogPcCpl2.pdf>] (./draft.bbl
Missing character: There is no â in font cmr10!
Missing character: There is no € in font cmr10!
Missing character: There is no ™ in font cmr10!
Missing character: There is no â in font cmr10!
Missing character: There is no € in font cmr10!
Missing character: There is no ™ in font cmr10!
)
Package atveryend Info: Empty hook `BeforeClearDocument' on input line 505.

[8 <./Figures/AbaloneNetwork.pdf>]
Package atveryend Info: Empty hook `AfterLastShipout' on input line 505.
 (./draft.aux)
Package atveryend Info: Executing hook `AtVeryEndDocument' on input line 505.
Package atveryend Info: Executing hook `AtEndAfterFileList' on input line 505.
Package rerunfilecheck Info: File `draft.out' has not changed.
(rerunfilecheck)             Checksum: D41D8CD98F00B204E9800998ECF8427E;0.


LaTeX Font Warning: Some font shapes were not available, defaults substituted.

Package atveryend Info: Empty hook `AtVeryVeryEnd' on input line 505.
 ) 
Here is how much of TeX's memory you used:
 6933 strings out of 493488
 99912 string characters out of 3141326
 219609 words of memory out of 3000000
 10054 multiletter control sequences out of 15000+200000
 10997 words of font info for 39 fonts, out of 3000000 for 9000
 957 hyphenation exceptions out of 8191
 31i,12n,45p,1119b,662s stack positions out of 5000i,500n,10000p,200000b,50000s
</usr/local/texlive/2012/texmf-dist/fonts/type1/public/amsfonts/cm/cmbx10.pfb
></usr/local/texlive/2012/texmf-dist/fonts/type1/public/amsfonts/cm/cmbx12.pfb>
</usr/local/texlive/2012/texmf-dist/fonts/type1/public/amsfonts/cm/cmbx7.pfb></
usr/local/texlive/2012/texmf-dist/fonts/type1/public/amsfonts/cm/cmbx9.pfb></us
r/local/texlive/2012/texmf-dist/fonts/type1/public/amsfonts/cm/cmbxti10.pfb></u
sr/local/texlive/2012/texmf-dist/fonts/type1/public/amsfonts/cm/cmcsc10.pfb></u
sr/local/texlive/2012/texmf-dist/fonts/type1/public/amsfonts/cm/cmex10.pfb></us
r/local/texlive/2012/texmf-dist/fonts/type1/public/amsfonts/cm/cmmi10.pfb></usr
/local/texlive/2012/texmf-dist/fonts/type1/public/amsfonts/cm/cmmi5.pfb></usr/l
ocal/texlive/2012/texmf-dist/fonts/type1/public/amsfonts/cm/cmmi7.pfb></usr/loc
al/texlive/2012/texmf-dist/fonts/type1/public/amsfonts/cm/cmmi9.pfb></usr/local
/texlive/2012/texmf-dist/fonts/type1/public/amsfonts/cm/cmr10.pfb></usr/local/t
exlive/2012/texmf-dist/fonts/type1/public/amsfonts/cm/cmr5.pfb></usr/local/texl
ive/2012/texmf-dist/fonts/type1/public/amsfonts/cm/cmr7.pfb></usr/local/texlive
/2012/texmf-dist/fonts/type1/public/amsfonts/cm/cmr9.pfb></usr/local/texlive/20
12/texmf-dist/fonts/type1/public/amsfonts/cm/cmsl9.pfb></usr/local/texlive/2012
/texmf-dist/fonts/type1/public/amsfonts/cm/cmsy10.pfb></usr/local/texlive/2012/
texmf-dist/fonts/type1/public/amsfonts/cm/cmsy7.pfb></usr/local/texlive/2012/te
xmf-dist/fonts/type1/public/amsfonts/cm/cmti10.pfb></usr/local/texlive/2012/tex
mf-dist/fonts/type1/public/amsfonts/cm/cmti9.pfb></usr/local/texlive/2012/texmf
-dist/fonts/type1/public/amsfonts/cm/cmtt10.pfb>
Output written on draft.pdf (8 pages, 394537 bytes).
PDF statistics:
 375 PDF objects out of 1000 (max. 8388607)
 321 compressed objects within 4 object streams
 72 named destinations out of 1000 (max. 500000)
 76 words of extra memory for PDF output out of 10000 (max. 10000000)

