This is pdfTeX, Version 3.1415926-1.40.11 (MiKTeX 2.9) (preloaded format=pdflatex 2012.1.7)  16 JAN 2012 22:07
entering extended mode
**ConstraintPropagation.tex

("E:\My Dropbox\Master Thesis\publication\ICML-2012\Algorithms\ConstraintPropag
ation.tex"
LaTeX2e <2009/09/24>
Babel <v3.8l> and hyphenation patterns for english, afrikaans, ancientgreek, ar
abic, armenian, assamese, basque, bengali, bokmal, bulgarian, catalan, coptic, 
croatian, czech, danish, dutch, esperanto, estonian, farsi, finnish, french, ga
lician, german, german-x-2009-06-19, greek, gujarati, hindi, hungarian, iceland
ic, indonesian, interlingua, irish, italian, kannada, kurmanji, lao, latin, lat
vian, lithuanian, malayalam, marathi, mongolian, mongolianlmc, monogreek, ngerm
an, ngerman-x-2009-06-19, nynorsk, oriya, panjabi, pinyin, polish, portuguese, 
romanian, russian, sanskrit, serbian, slovak, slovenian, spanish, swedish, swis
sgerman, tamil, telugu, turkish, turkmen, ukenglish, ukrainian, uppersorbian, u
senglishmax, welsh, loaded.

! LaTeX Error: Environment algorithm undefined.

See the LaTeX manual or LaTeX Companion for explanation.
Type  H <return>  for immediate help.
 ...                                              
                                                  
l.1 \begin{algorithm}
                     [H]
Your command was ignored.
Type  I <command> <return>  to replace it with another command,
or  <return>  to continue without it.


! LaTeX Error: Missing \begin{document}.

See the LaTeX manual or LaTeX Companion for explanation.
Type  H <return>  for immediate help.
 ...                                              
                                                  
l.1 \begin{algorithm}[
                      H]
You're in trouble here.  Try typing  <return>  to proceed.
If that doesn't work, type  X <return>  to quit.

Missing character: There is no [ in font nullfont!
Missing character: There is no H in font nullfont!
Missing character: There is no ] in font nullfont!

! LaTeX Error: \caption outside float.

See the LaTeX manual or LaTeX Companion for explanation.
Type  H <return>  for immediate help.
 ...                                              
                                                  
l.2 \caption
            {\textsc{ConstraintPropagation}}
You're in trouble here.  Try typing  <return>  to proceed.
If that doesn't work, type  X <return>  to quit.

LaTeX Font Info:    External font `cmex10' loaded for size
(Font)              <7> on input line 4.
LaTeX Font Info:    External font `cmex10' loaded for size
(Font)              <5> on input line 4.

! LaTeX Error: Environment algorithmic undefined.

See the LaTeX manual or LaTeX Companion for explanation.
Type  H <return>  for immediate help.
 ...                                              
                                                  
l.6 	\begin{algorithmic}
                        [1]
Your command was ignored.
Type  I <command> <return>  to replace it with another command,
or  <return>  to continue without it.

Missing character: There is no [ in font nullfont!
Missing character: There is no 1 in font nullfont!
Missing character: There is no ] in font nullfont!
! Undefined control sequence.
l.7 		\WHILE
            {$\mathcal{G}^\prec$ is changed}
The control sequence at the end of the top line
of your error message was never \def'ed. If you have
misspelled it (e.g., `\hobx'), type `I' and the correct
spelling (e.g., `I\hbox'). Otherwise just continue,
and I'll forget about whatever was undefined.

Missing character: There is no i in font nullfont!
Missing character: There is no s in font nullfont!
Missing character: There is no c in font nullfont!
Missing character: There is no h in font nullfont!
Missing character: There is no a in font nullfont!
Missing character: There is no n in font nullfont!
Missing character: There is no g in font nullfont!
Missing character: There is no e in font nullfont!
Missing character: There is no d in font nullfont!
! Undefined control sequence.
l.8 					\IF
            {Edge($X$, $Y$) is undirected and $\exists$ directed path from $...
The control sequence at the end of the top line
of your error message was never \def'ed. If you have
misspelled it (e.g., `\hobx'), type `I' and the correct
spelling (e.g., `I\hbox'). Otherwise just continue,
and I'll forget about whatever was undefined.

Missing character: There is no E in font nullfont!
Missing character: There is no d in font nullfont!
Missing character: There is no g in font nullfont!
Missing character: There is no e in font nullfont!
Missing character: There is no ( in font nullfont!
Missing character: There is no , in font nullfont!
Missing character: There is no ) in font nullfont!
Missing character: There is no i in font nullfont!
Missing character: There is no s in font nullfont!
Missing character: There is no u in font nullfont!
Missing character: There is no n in font nullfont!
Missing character: There is no d in font nullfont!
Missing character: There is no i in font nullfont!
Missing character: There is no r in font nullfont!
Missing character: There is no e in font nullfont!
Missing character: There is no c in font nullfont!
Missing character: There is no t in font nullfont!
Missing character: There is no e in font nullfont!
Missing character: There is no d in font nullfont!
Missing character: There is no a in font nullfont!
Missing character: There is no n in font nullfont!
Missing character: There is no d in font nullfont!
Missing character: There is no d in font nullfont!
Missing character: There is no i in font nullfont!
Missing character: There is no r in font nullfont!
Missing character: There is no e in font nullfont!
Missing character: There is no c in font nullfont!
Missing character: There is no t in font nullfont!
Missing character: There is no e in font nullfont!
Missing character: There is no d in font nullfont!
Missing character: There is no p in font nullfont!
Missing character: There is no a in font nullfont!
Missing character: There is no t in font nullfont!
Missing character: There is no h in font nullfont!
Missing character: There is no f in font nullfont!
Missing character: There is no r in font nullfont!
Missing character: There is no o in font nullfont!
Missing character: There is no m in font nullfont!
Missing character: There is no t in font nullfont!
Missing character: There is no o in font nullfont!
! Undefined control sequence.
l.9 						\STATE
                 set $X\rightarrow Y$ \algorithmiccomment{preserve acyclicit...
The control sequence at the end of the top line
of your error message was never \def'ed. If you have
misspelled it (e.g., `\hobx'), type `I' and the correct
spelling (e.g., `I\hbox'). Otherwise just continue,
and I'll forget about whatever was undefined.

Missing character: There is no s in font nullfont!
Missing character: There is no e in font nullfont!
Missing character: There is no t in font nullfont!
! Undefined control sequence.
l.9 ...TE set $X\rightarrow Y$ \algorithmiccomment
                                                  {preserve acyclicity}\\
The control sequence at the end of the top line
of your error message was never \def'ed. If you have
misspelled it (e.g., `\hobx'), type `I' and the correct
spelling (e.g., `I\hbox'). Otherwise just continue,
and I'll forget about whatever was undefined.

Missing character: There is no p in font nullfont!
Missing character: There is no r in font nullfont!
Missing character: There is no e in font nullfont!
Missing character: There is no s in font nullfont!
Missing character: There is no e in font nullfont!
Missing character: There is no r in font nullfont!
Missing character: There is no v in font nullfont!
Missing character: There is no e in font nullfont!
Missing character: There is no a in font nullfont!
Missing character: There is no c in font nullfont!
Missing character: There is no y in font nullfont!
Missing character: There is no c in font nullfont!
Missing character: There is no l in font nullfont!
Missing character: There is no i in font nullfont!
Missing character: There is no c in font nullfont!
Missing character: There is no i in font nullfont!
Missing character: There is no t in font nullfont!
Missing character: There is no y in font nullfont!
! Undefined control sequence.
<recently read> \STATE 
                       
l.10 						\STATE
                  break
The control sequence at the end of the top line
of your error message was never \def'ed. If you have
misspelled it (e.g., `\hobx'), type `I' and the correct
spelling (e.g., `I\hbox'). Otherwise just continue,
and I'll forget about whatever was undefined.

Missing character: There is no b in font nullfont!
Missing character: There is no r in font nullfont!
Missing character: There is no e in font nullfont!
Missing character: There is no a in font nullfont!
Missing character: There is no k in font nullfont!
! Undefined control sequence.
l.11 					\ENDIF
                
The control sequence at the end of the top line
of your error message was never \def'ed. If you have
misspelled it (e.g., `\hobx'), type `I' and the correct
spelling (e.g., `I\hbox'). Otherwise just continue,
and I'll forget about whatever was undefined.

! Undefined control sequence.
l.12 				\IF
            {$\exists$ node $X$ where $Y\rightarrow X\leftrightarrow Z$}
The control sequence at the end of the top line
of your error message was never \def'ed. If you have
misspelled it (e.g., `\hobx'), type `I' and the correct
spelling (e.g., `I\hbox'). Otherwise just continue,
and I'll forget about whatever was undefined.

Missing character: There is no n in font nullfont!
Missing character: There is no o in font nullfont!
Missing character: There is no d in font nullfont!
Missing character: There is no e in font nullfont!
Missing character: There is no w in font nullfont!
Missing character: There is no h in font nullfont!
Missing character: There is no e in font nullfont!
Missing character: There is no r in font nullfont!
Missing character: There is no e in font nullfont!
! Undefined control sequence.
l.13 					\STATE
                 set $Y\rightarrow X\rightarrow Z$ \algorithmiccomment{no ne...
The control sequence at the end of the top line
of your error message was never \def'ed. If you have
misspelled it (e.g., `\hobx'), type `I' and the correct
spelling (e.g., `I\hbox'). Otherwise just continue,
and I'll forget about whatever was undefined.

Missing character: There is no s in font nullfont!
Missing character: There is no e in font nullfont!
Missing character: There is no t in font nullfont!
! Undefined control sequence.
l.13 ...tarrow X\rightarrow Z$ \algorithmiccomment
                                                  {no new collider}\\
The control sequence at the end of the top line
of your error message was never \def'ed. If you have
misspelled it (e.g., `\hobx'), type `I' and the correct
spelling (e.g., `I\hbox'). Otherwise just continue,
and I'll forget about whatever was undefined.

Missing character: There is no n in font nullfont!
Missing character: There is no o in font nullfont!
Missing character: There is no n in font nullfont!
Missing character: There is no e in font nullfont!
Missing character: There is no w in font nullfont!
Missing character: There is no c in font nullfont!
Missing character: There is no o in font nullfont!
Missing character: There is no l in font nullfont!
Missing character: There is no l in font nullfont!
Missing character: There is no i in font nullfont!
Missing character: There is no d in font nullfont!
Missing character: There is no e in font nullfont!
Missing character: There is no r in font nullfont!
! Undefined control sequence.
<recently read> \STATE 
                       
l.14 					\STATE
                 break
The control sequence at the end of the top line
of your error message was never \def'ed. If you have
misspelled it (e.g., `\hobx'), type `I' and the correct
spelling (e.g., `I\hbox'). Otherwise just continue,
and I'll forget about whatever was undefined.

Missing character: There is no b in font nullfont!
Missing character: There is no r in font nullfont!
Missing character: There is no e in font nullfont!
Missing character: There is no a in font nullfont!
Missing character: There is no k in font nullfont!
! Undefined control sequence.
l.15 				\ENDIF
               
The control sequence at the end of the top line
of your error message was never \def'ed. If you have
misspelled it (e.g., `\hobx'), type `I' and the correct
spelling (e.g., `I\hbox'). Otherwise just continue,
and I'll forget about whatever was undefined.


Overfull \hbox (20.0pt too wide) in paragraph at lines 1--16
[]
 []


Overfull \hbox (24.12762pt too wide) in paragraph at lines 1--16
\OT1/cmr/m/sc/10 Con-
 []


Overfull \hbox (41.48868pt too wide) in paragraph at lines 1--16
\OT1/cmr/m/sc/10 straint-
 []


Overfull \hbox (28.92757pt too wide) in paragraph at lines 1--16
\OT1/cmr/m/sc/10 Prop-
 []


Overfull \hbox (9.91106pt too wide) in paragraph at lines 1--16
\OT1/cmr/m/sc/10 a-
 []


Overfull \hbox (16.32213pt too wide) in paragraph at lines 1--16
\OT1/cmr/m/sc/10 ga-
 []


Overfull \hbox (21.42212pt too wide) in paragraph at lines 1--16
\OT1/cmr/m/sc/10 tion
 []


Overfull \hbox (14.58325pt too wide) in paragraph at lines 1--16
\OT1/cmr/bx/n/10 In-
 []


Overfull \hbox (20.44434pt too wide) in paragraph at lines 1--16
\OT1/cmr/bx/n/10 put:
 []


Overfull \hbox (5.59023pt too wide) in paragraph at lines 1--16
\OT1/cmr/bx/n/10 a
 []


Overfull \hbox (20.5485pt too wide) in paragraph at lines 1--16
\OT1/cmr/bx/n/10 par-
 []


Overfull \hbox (25.71512pt too wide) in paragraph at lines 1--16
\OT1/cmr/bx/n/10 tially
 []


Overfull \hbox (13.4166pt too wide) in paragraph at lines 1--16
\OT1/cmr/bx/n/10 di-
 []


Overfull \hbox (31.24986pt too wide) in paragraph at lines 1--16
\OT1/cmr/bx/n/10 rected
 []


Overfull \hbox (28.854pt too wide) in paragraph at lines 1--16
\OT1/cmr/bx/n/10 graph
 []


Overfull \hbox (13.2917pt too wide) in paragraph at lines 1--16
$\OMS/cmsy/m/n/10 G[]$ 
 []


Overfull \hbox (39.94423pt too wide) in paragraph at lines 1--16
\OT1/cmr/bx/n/10 Output:
 []


Overfull \hbox (5.59023pt too wide) in paragraph at lines 1--16
\OT1/cmr/bx/n/10 a
 []


Overfull \hbox (25.07623pt too wide) in paragraph at lines 1--16
\OT1/cmr/bx/n/10 max-
 []


Overfull \hbox (7.02774pt too wide) in paragraph at lines 1--16
\OT1/cmr/bx/n/10 i-
 []


Overfull \hbox (27.63177pt too wide) in paragraph at lines 1--16
\OT1/cmr/bx/n/10 mally
 []


Overfull \hbox (17.51381pt too wide) in paragraph at lines 1--16
\OT1/cmr/bx/n/10 ori-
 []


Overfull \hbox (27.47209pt too wide) in paragraph at lines 1--16
\OT1/cmr/bx/n/10 ented
 []


Overfull \hbox (28.854pt too wide) in paragraph at lines 1--16
\OT1/cmr/bx/n/10 graph
 []


Overfull \hbox (13.2917pt too wide) in paragraph at lines 1--16
$\OMS/cmsy/m/n/10 G[]$ 
 []


Overfull \hbox (13.2917pt too wide) in paragraph at lines 1--16
$\OMS/cmsy/m/n/10 G[]$
 []


Overfull \hbox (9.06943pt too wide) in paragraph at lines 1--16
$\OML/cmm/m/it/10 X$
 []


Overfull \hbox (8.02779pt too wide) in paragraph at lines 1--16
$\OML/cmm/m/it/10 Y$
 []


Overfull \hbox (5.55557pt too wide) in paragraph at lines 1--16
$\OMS/cmsy/m/n/10 9$
 []


Overfull \hbox (9.06943pt too wide) in paragraph at lines 1--16
$\OML/cmm/m/it/10 X$
 []


Overfull \hbox (8.02779pt too wide) in paragraph at lines 1--16
$\OML/cmm/m/it/10 Y$
 []


Overfull \hbox (21.84715pt too wide) in paragraph at lines 1--16
$\OML/cmm/m/it/10 X \OMS/cmsy/m/n/10 !$
 []


Overfull \hbox (8.02779pt too wide) in paragraph at lines 1--16
$\OML/cmm/m/it/10 Y$
 []


Overfull \hbox (5.55557pt too wide) in paragraph at lines 1--16
$\OMS/cmsy/m/n/10 9$
 []


Overfull \hbox (9.06943pt too wide) in paragraph at lines 1--16
$\OML/cmm/m/it/10 X$
 []


Overfull \hbox (20.80551pt too wide) in paragraph at lines 1--16
$\OML/cmm/m/it/10 Y \OMS/cmsy/m/n/10 !$
 []


Overfull \hbox (21.84715pt too wide) in paragraph at lines 1--16
$\OML/cmm/m/it/10 X \OMS/cmsy/m/n/10 $$
 []


Overfull \hbox (7.54167pt too wide) in paragraph at lines 1--16
$\OML/cmm/m/it/10 Z$
 []


Overfull \hbox (20.80551pt too wide) in paragraph at lines 1--16
$\OML/cmm/m/it/10 Y \OMS/cmsy/m/n/10 !$
 []


Overfull \hbox (21.84715pt too wide) in paragraph at lines 1--16
$\OML/cmm/m/it/10 X \OMS/cmsy/m/n/10 !$
 []


Overfull \hbox (7.54167pt too wide) in paragraph at lines 1--16
$\OML/cmm/m/it/10 Z$
 []

! Undefined control sequence.
l.17 				\IF
            {$\exists$ an undirected edge $X\leftrightarrow Y$ and \hfill\\ ...
The control sequence at the end of the top line
of your error message was never \def'ed. If you have
misspelled it (e.g., `\hobx'), type `I' and the correct
spelling (e.g., `I\hbox'). Otherwise just continue,
and I'll forget about whatever was undefined.


! LaTeX Error: Missing \begin{document}.

See the LaTeX manual or LaTeX Companion for explanation.
Type  H <return>  for immediate help.
 ...                                              
                                                  
l.17 				\IF{$
              \exists$ an undirected edge $X\leftrightarrow Y$ and \hfill\\ ...

You're in trouble here.  Try typing  <return>  to proceed.
If that doesn't work, type  X <return>  to quit.

Missing character: There is no a in font nullfont!
Missing character: There is no n in font nullfont!
Missing character: There is no u in font nullfont!
Missing character: There is no n in font nullfont!
Missing character: There is no d in font nullfont!
Missing character: There is no i in font nullfont!
Missing character: There is no r in font nullfont!
Missing character: There is no e in font nullfont!
Missing character: There is no c in font nullfont!
Missing character: There is no t in font nullfont!
Missing character: There is no e in font nullfont!
Missing character: There is no d in font nullfont!
Missing character: There is no e in font nullfont!
Missing character: There is no d in font nullfont!
Missing character: There is no g in font nullfont!
Missing character: There is no e in font nullfont!
Missing character: There is no a in font nullfont!
Missing character: There is no n in font nullfont!
Missing character: There is no d in font nullfont!
! Undefined control sequence.
l.17 ...trightarrow Y$ and \hfill\\ $\exists \text
                                                  { nonadjacent } Z \text{ a...
The control sequence at the end of the top line
of your error message was never \def'ed. If you have
misspelled it (e.g., `\hobx'), type `I' and the correct
spelling (e.g., `I\hbox'). Otherwise just continue,
and I'll forget about whatever was undefined.

! Undefined control sequence.
l.17 ...ll\\ $\exists \text{ nonadjacent } Z \text
                                                  { and }W$ that $X\leftrigh...
The control sequence at the end of the top line
of your error message was never \def'ed. If you have
misspelled it (e.g., `\hobx'), type `I' and the correct
spelling (e.g., `I\hbox'). Otherwise just continue,
and I'll forget about whatever was undefined.

Missing character: There is no t in font nullfont!
Missing character: There is no h in font nullfont!
Missing character: There is no a in font nullfont!
Missing character: There is no t in font nullfont!
Missing character: There is no a in font nullfont!
Missing character: There is no n in font nullfont!
Missing character: There is no d in font nullfont!
! Undefined control sequence.
l.18 					\STATE
                 orient as $X\rightarrow Y$ \algorithmiccomment{three-fork s...
The control sequence at the end of the top line
of your error message was never \def'ed. If you have
misspelled it (e.g., `\hobx'), type `I' and the correct
spelling (e.g., `I\hbox'). Otherwise just continue,
and I'll forget about whatever was undefined.

Missing character: There is no o in font nullfont!
Missing character: There is no r in font nullfont!
Missing character: There is no i in font nullfont!
Missing character: There is no e in font nullfont!
Missing character: There is no n in font nullfont!
Missing character: There is no t in font nullfont!
Missing character: There is no a in font nullfont!
Missing character: There is no s in font nullfont!
! Undefined control sequence.
l.18 ...nt as $X\rightarrow Y$ \algorithmiccomment
                                                  {three-fork structure}\\
The control sequence at the end of the top line
of your error message was never \def'ed. If you have
misspelled it (e.g., `\hobx'), type `I' and the correct
spelling (e.g., `I\hbox'). Otherwise just continue,
and I'll forget about whatever was undefined.

Missing character: There is no t in font nullfont!
Missing character: There is no h in font nullfont!
Missing character: There is no r in font nullfont!
Missing character: There is no e in font nullfont!
Missing character: There is no e in font nullfont!
Missing character: There is no - in font nullfont!
Missing character: There is no f in font nullfont!
Missing character: There is no o in font nullfont!
Missing character: There is no r in font nullfont!
Missing character: There is no k in font nullfont!
Missing character: There is no s in font nullfont!
Missing character: There is no t in font nullfont!
Missing character: There is no r in font nullfont!
Missing character: There is no u in font nullfont!
Missing character: There is no c in font nullfont!
Missing character: There is no t in font nullfont!
Missing character: There is no u in font nullfont!
Missing character: There is no r in font nullfont!
Missing character: There is no e in font nullfont!
! Undefined control sequence.
<recently read> \STATE 
                       
l.19 					\STATE
                 break
The control sequence at the end of the top line
of your error message was never \def'ed. If you have
misspelled it (e.g., `\hobx'), type `I' and the correct
spelling (e.g., `I\hbox'). Otherwise just continue,
and I'll forget about whatever was undefined.

Missing character: There is no b in font nullfont!
Missing character: There is no r in font nullfont!
Missing character: There is no e in font nullfont!
Missing character: There is no a in font nullfont!
Missing character: There is no k in font nullfont!
! Undefined control sequence.
l.20 				\ENDIF
               
The control sequence at the end of the top line
of your error message was never \def'ed. If you have
misspelled it (e.g., `\hobx'), type `I' and the correct
spelling (e.g., `I\hbox'). Otherwise just continue,
and I'll forget about whatever was undefined.

! Undefined control sequence.
l.21 		\ENDWHILE
                
The control sequence at the end of the top line
of your error message was never \def'ed. If you have
misspelled it (e.g., `\hobx'), type `I' and the correct
spelling (e.g., `I\hbox'). Otherwise just continue,
and I'll forget about whatever was undefined.


! LaTeX Error: \begin{document} ended by \end{algorithmic}.

See the LaTeX manual or LaTeX Companion for explanation.
Type  H <return>  for immediate help.
 ...                                              
                                                  
l.23 	\end{algorithmic}
                       
Your command was ignored.
Type  I <command> <return>  to replace it with another command,
or  <return>  to continue without it.


! LaTeX Error: \begin{document} ended by \end{algorithm}.

See the LaTeX manual or LaTeX Companion for explanation.
Type  H <return>  for immediate help.
 ...                                              
                                                  
l.24 \end{algorithm}
                    
Your command was ignored.
Type  I <command> <return>  to replace it with another command,
or  <return>  to continue without it.

)
! Emergency stop.
<*> ConstraintPropagation.tex
                             
*** (job aborted, no legal \end found)

 
Here is how much of TeX's memory you used:
 19 strings out of 494019
 466 string characters out of 3146496
 49862 words of memory out of 3000000
 3405 multiletter control sequences out of 15000+200000
 4249 words of font info for 16 fonts, out of 3000000 for 9000
 714 hyphenation exceptions out of 8191
 20i,2n,13p,230b,113s stack positions out of 5000i,500n,10000p,200000b,50000s
!  ==> Fatal error occurred, no output PDF file produced!
